Email Validator GUI Progress Log
===============================

Current Status (2024-01-20)
--------------------------
✅ Completed:
- Basic single email validation with real-time feedback
- File upload for bulk validation
- Progress tracking and controls for bulk validation
- Basic API integration
- Initial UI components with animations

🏗️ In Progress:
- SMTP server management interface
- Validation settings panel
- Results management system

📋 Next Steps:
1. SMTP Configuration
   - Server management interface
   - Connection testing
   - Server pool configuration
   - Health monitoring dashboard

2. Validation Settings
   - Create settings panel
   - Implement validation rules configuration
   - Add timeout and retry settings
   - Save/load validation profiles

3. Results Management
   - Implement sortable results table
   - Add filtering capabilities
   - Export functionality
   - Statistics dashboard

4. UI/UX Improvements
   - Keyboard shortcuts
   - Tooltips and help text
   - Error handling improvements
   - Loading states and animations
   - Accessibility enhancements

5. Additional Features
   - Session management
   - Auto-save functionality
   - Recent files history
   - Validation profiles
   - Detailed error reporting

Priority Tasks:
1. Implement SMTP server management interface
2. Create validation settings panel
3. Enhance results display and management
4. Add export functionality
5. Implement validation profiles

Performance Metrics to Track:
- Validation speed
- Success/failure rates
- Cache hit rates
- API response times
- UI responsiveness